Unity Editor version:    2022.3.30f1 (70558241b701)
Branch:                  2022.3/staging
Build type:              Release
Batch mode:              YES
macOS version:           Version 14.6.1 (Build 23G93)
Darwin version:          23.6.0
Architecture:            arm64
Running under Rosetta:   NO
Available memory:        16384 MB
Using pre-set license
Pro License: YES

COMMAND LINE ARGUMENTS:
/Applications/Unity/Hub/Editor/2022.3.30f1/Unity.app/Contents/MacOS/Unity
-adb2
-batchMode
-noUpm
-name
AssetImportWorker1
-projectPath
/Users/kinjal/Documents/XRB/Prototypes/Week02/Interior Design
-logFile
Logs/AssetImportWorker1.log
-srvPort
58170
Successfully changed project path to: /Users/kinjal/Documents/XRB/Prototypes/Week02/Interior Design
/Users/kinjal/Documents/XRB/Prototypes/Week02/Interior Design
[UnityMemory] Configuration Parameters - Can be set up in boot.config
    "memorysetup-bucket-allocator-granularity=16"
    "memorysetup-bucket-allocator-bucket-count=8"
    "memorysetup-bucket-allocator-block-size=33554432"
    "memorysetup-bucket-allocator-block-count=8"
    "memorysetup-main-allocator-block-size=16777216"
    "memorysetup-thread-allocator-block-size=16777216"
    "memorysetup-gfx-main-allocator-block-size=16777216"
    "memorysetup-gfx-thread-allocator-block-size=16777216"
    "memorysetup-cache-allocator-block-size=4194304"
    "memorysetup-typetree-allocator-block-size=2097152"
    "memorysetup-profiler-bucket-allocator-granularity=16"
    "memorysetup-profiler-bucket-allocator-bucket-count=8"
    "memorysetup-profiler-bucket-allocator-block-size=33554432"
    "memorysetup-profiler-bucket-allocator-block-count=8"
    "memorysetup-profiler-allocator-block-size=16777216"
    "memorysetup-profiler-editor-allocator-block-size=1048576"
    "memorysetup-temp-allocator-size-main=16777216"
    "memorysetup-job-temp-allocator-block-size=2097152"
    "memorysetup-job-temp-allocator-block-size-background=1048576"
    "memorysetup-job-temp-allocator-reduction-small-platforms=262144"
    "memorysetup-allocator-temp-initial-block-size-main=262144"
    "memorysetup-allocator-temp-initial-block-size-worker=262144"
    "memorysetup-temp-allocator-size-background-worker=32768"
    "memorysetup-temp-allocator-size-job-worker=262144"
    "memorysetup-temp-allocator-size-preload-manager=33554432"
    "memorysetup-temp-allocator-size-nav-mesh-worker=65536"
    "memorysetup-temp-allocator-size-audio-worker=65536"
    "memorysetup-temp-allocator-size-cloud-worker=32768"
    "memorysetup-temp-allocator-size-gi-baking-worker=262144"
    "memorysetup-temp-allocator-size-gfx=262144"
Player connection [8219348800] Host "[IP] 10.33.47.28 [Port] 0 [Flags] 2 [Guid] 266771810 [EditorId] 266771810 [Version] 1048832 [Id] OSXEditor(0,Mehuls-MacBook-Pro.local) [Debug] 1 [PackageName] OSXEditor [ProjectName] Editor" joined multi-casting on [225.0.0.222:54997]...

Player connection [8219348800] Host "[IP] 10.33.47.28 [Port] 0 [Flags] 2 [Guid] 266771810 [EditorId] 266771810 [Version] 1048832 [Id] OSXEditor(0,Mehuls-MacBook-Pro.local) [Debug] 1 [PackageName] OSXEditor [ProjectName] Editor" joined alternative multi-casting on [225.0.0.222:34997]...

[Physics::Module] Initialized MultithreadedJobDispatcher with 7 workers.
Refreshing native plugins compatible for Editor in 48.28 ms, found 14 plugins.
Preloading 1 native plugins for Editor in 7.26 ms.
Initialize engine version: 2022.3.30f1 (70558241b701)
[Subsystems] Discovering subsystems at path /Applications/Unity/Hub/Editor/2022.3.30f1/Unity.app/Contents/Resources/UnitySubsystems
[Subsystems] Discovering subsystems at path /Users/kinjal/Documents/XRB/Prototypes/Week02/Interior Design/Assets
GfxDevice: creating device client; threaded=0; jobified=0
 preferred device: Apple M1 Pro (high power)
Metal devices available: 1
0: Apple M1 Pro (high power)
Using device Apple M1 Pro (high power)
Initializing Metal device caps: Apple M1 Pro
Shader 'Meta/MRUK/Scene/HighlightsAndShadows': fallback shader 'Off' not found
Shader 'Oculus/OVRMRCameraFrameLit': fallback shader 'Alpha-Diffuse' not found
Initialize mono
Mono path[0] = '/Applications/Unity/Hub/Editor/2022.3.30f1/Unity.app/Contents/Managed'
Mono path[1] = '/Applications/Unity/Hub/Editor/2022.3.30f1/Unity.app/Contents/MonoBleedingEdge/lib/mono/unityjit-macos'
Mono config path = '/Applications/Unity/Hub/Editor/2022.3.30f1/Unity.app/Contents/MonoBleedingEdge/etc'
Using monoOptions --debugger-agent=transport=dt_socket,embedding=1,server=y,suspend=n,address=127.0.0.1:56960
Begin MonoManager ReloadAssembly
Registering precompiled unity dll's ...
Register platform support module: /Applications/Unity/Hub/Editor/2022.3.30f1/Unity.app/Contents/PlaybackEngines/MacStandaloneSupport/UnityEditor.OSXStandalone.Extensions.dll
Register platform support module: /Applications/Unity/Hub/Editor/2022.3.30f1/PlaybackEngines/AndroidPlayer/UnityEditor.Android.Extensions.dll
Registered in 0.000974 seconds.
- Loaded All Assemblies, in  0.271 seconds
Native extension for Android target not found
Android Extension - Scanning For ADB Devices 81 ms
Native extension for OSXStandalone target not found
Mono: successfully reloaded assembly
- Finished resetting the current domain, in  0.319 seconds
Domain Reload Profiling: 590ms
	BeginReloadAssembly (82ms)
		ExecutionOrderSort (0ms)
		DisableScriptedObjects (0ms)
		BackupInstance (0ms)
		ReleaseScriptingObjects (0ms)
		CreateAndSetChildDomain (1ms)
	RebuildCommonClasses (28ms)
	RebuildNativeTypeToScriptingClass (8ms)
	initialDomainReloadingComplete (33ms)
	LoadAllAssembliesAndSetupDomain (119ms)
		LoadAssemblies (81ms)
		RebuildTransferFunctionScriptingTraits (0ms)
		AnalyzeDomain (118ms)
			TypeCache.Refresh (117ms)
				TypeCache.ScanAssembly (106ms)
			ScanForSourceGeneratedMonoScriptInfo (0ms)
			ResolveRequiredComponents (0ms)
	FinalizeReload (319ms)
		ReleaseScriptCaches (0ms)
		RebuildScriptCaches (0ms)
		SetupLoadedEditorAssemblies (276ms)
			LogAssemblyErrors (0ms)
			InitializePlatformSupportModulesInManaged (175ms)
			SetLoadedEditorAssemblies (3ms)
			RefreshPlugins (0ms)
			BeforeProcessingInitializeOnLoad (1ms)
			ProcessInitializeOnLoadAttributes (69ms)
			ProcessInitializeOnLoadMethodAttributes (27ms)
			AfterProcessingInitializeOnLoad (0ms)
			EditorAssembliesLoaded (0ms)
		ExecutionOrderSort2 (0ms)
		AwakeInstancesAfterBackupRestoration (0ms)
========================================================================
Worker process is ready to serve import requests
Begin MonoManager ReloadAssembly
Symbol file LoadedFromMemory is not a mono symbol file
- Loaded All Assemblies, in  0.756 seconds
Refreshing native plugins compatible for Editor in 6.29 ms, found 14 plugins.
Native extension for Android target not found
Native extension for OSXStandalone target not found
Package Manager log level set to [2]
[Package Manager] Server::EnsureServerProcessIsRunning -- launch failed, reason: Unity was launched with the -noUpm command-line argument
[Package Manager] UpmClient::Send -- Unable to send message (not connected to UPM process).
[Package Manager] Cannot connect to Unity Package Manager local server
[Package Manager] Server::EnsureServerProcessIsRunning -- launch failed, reason: Unity was launched with the -noUpm command-line argument
[Package Manager] UpmClient::Send -- Unable to send message (not connected to UPM process).
[Package Manager] Cannot connect to Unity Package Manager local server
  % Total    % Received % Xferd  Average Speed   Time    Time     Time  Current
                                 Dload  Upload   Total   Spent    Left  Speed
  0     0    0     0    0     0      0      0 --:--:-- --:--:-- --:--:--     0100    26    0    26    0     0     53      0 --:--:-- --:--:-- --:--:--    53100    26    0    26    0     0     53      0 --:--:-- --:--:-- --:--:--    53
02/01 19:47:39.334 {DEBUG}   [AnalyticsLifeTime] Pre initialization finished.
[Package Manager] Server::EnsureServerProcessIsRunning -- launch failed, reason: Unity was launched with the -noUpm command-line argument
[Package Manager] UpmClient::Send -- Unable to send message (not connected to UPM process).
[Package Manager] Cannot connect to Unity Package Manager local server
Mono: successfully reloaded assembly
[Package Manager] Server::EnsureServerProcessIsRunning -- launch failed, reason: Unity was launched with the -noUpm command-line argument
[Package Manager] UpmClient::Send -- Unable to send message (not connected to UPM process).
[Package Manager] Cannot connect to Unity Package Manager local server
[Package Manager] Server::EnsureServerProcessIsRunning -- launch failed, reason: Unity was launched with the -noUpm command-line argument
[Package Manager] UpmClient::Send -- Unable to send message (not connected to UPM process).
[Package Manager] Cannot connect to Unity Package Manager local server
- Finished resetting the current domain, in  1.274 seconds
Domain Reload Profiling: 2029ms
	BeginReloadAssembly (93ms)
		ExecutionOrderSort (0ms)
		DisableScriptedObjects (3ms)
		BackupInstance (0ms)
		ReleaseScriptingObjects (0ms)
		CreateAndSetChildDomain (22ms)
	RebuildCommonClasses (28ms)
	RebuildNativeTypeToScriptingClass (9ms)
	initialDomainReloadingComplete (27ms)
	LoadAllAssembliesAndSetupDomain (599ms)
		LoadAssemblies (376ms)
		RebuildTransferFunctionScriptingTraits (0ms)
		AnalyzeDomain (263ms)
			TypeCache.Refresh (216ms)
				TypeCache.ScanAssembly (193ms)
			ScanForSourceGeneratedMonoScriptInfo (28ms)
			ResolveRequiredComponents (18ms)
	FinalizeReload (1274ms)
		ReleaseScriptCaches (0ms)
		RebuildScriptCaches (0ms)
		SetupLoadedEditorAssemblies (1066ms)
			LogAssemblyErrors (0ms)
			InitializePlatformSupportModulesInManaged (15ms)
			SetLoadedEditorAssemblies (7ms)
			RefreshPlugins (0ms)
			BeforeProcessingInitializeOnLoad (95ms)
			ProcessInitializeOnLoadAttributes (853ms)
			ProcessInitializeOnLoadMethodAttributes (95ms)
			AfterProcessingInitializeOnLoad (1ms)
			EditorAssembliesLoaded (0ms)
		ExecutionOrderSort2 (0ms)
		AwakeInstancesAfterBackupRestoration (2ms)
Shader 'Meta/MRUK/Scene/HighlightsAndShadows': fallback shader 'Off' not found
Shader 'Oculus/OVRMRCameraFrameLit': fallback shader 'Alpha-Diffuse' not found
[OVRPlugin][INFO] UnityPluginLoad called
Launching external process: /Applications/Unity/Hub/Editor/2022.3.30f1/Unity.app/Contents/Tools/UnityShaderCompiler
Launched and connected shader compiler UnityShaderCompiler after 0.05 seconds
Refreshing native plugins compatible for Editor in 6.83 ms, found 14 plugins.
Preloading 1 native plugins for Editor in 0.38 ms.
Unloading 8678 Unused Serialized files (Serialized files now loaded: 0)
Unloading 171 unused Assets / (0.6 MB). Loaded Objects now: 9118.
Memory consumption went from 376.3 MB to 375.7 MB.
Total: 5.460334 ms (FindLiveObjects: 0.349542 ms CreateObjectMapping: 0.114500 ms MarkObjects: 4.655750 ms  DeleteObjects: 0.340167 ms)

AssetImportParameters requested are different than current active one (requested -> active):
  custom:container-demuxer-ogg: 62fdf1f143b41e24485cea50d1cbac27 -> 
  custom:container-muxer-webm: aa71ff27fc2769a1b78a27578f13a17b -> 
  custom:video-decoder-webm-vp8: 9c59270c3fd7afecdb556c50c9e8de78 -> 
  custom:SearchIndexIgnoredProperties: e643bd26f0fe6173181afceb89e7c659 -> 
  custom:AudioImporter_EditorPlatform: 3918e3fc78b5a79bad01e8451be0beb8 -> 
  custom:audio-decoder-ogg-vorbis: bf7c407c2cedff20999df2af8eb42d56 -> 
  custom:audio-encoder-webm-vorbis: bf7c407c2cedff20999df2af8eb42d56 -> 
  custom:video-decoder-ogg-theora: a1e56fd34408186e4bbccfd4996cb3dc -> 
  custom:CustomObjectIndexerAttribute: 72b91833f83ae208fae7752999fa3104 -> 
  custom:container-demuxer-webm: 4f35f7cbe854078d1ac9338744f61a02 -> 
  custom:framework-osx-AVFoundation: e770b220cccbd017edd2c1fefb359320 -> 
  custom:video-encoder-webm-vp8: eb34c28f22e8b96e1ab97ce403110664 -> 
========================================================================
Received Import Request.
  Time since last request: 92728.791454 seconds.
  path: Assets/Samples/Meta XR Interaction ​SDK
  artifactKey: Guid(2e03d3597fdb741c98347ba0388cd272) Importer(815301076,1909f56bfc062723c751e8b465ee728b)
Start importing Assets/Samples/Meta XR Interaction ​SDK using Guid(2e03d3597fdb741c98347ba0388cd272) Importer(815301076,1909f56bfc062723c751e8b465ee728b)  -> (artifact id: 'e31cb71c842253ea9649cbc8b024d220') in 0.002409 seconds
Number of updated asset objects reloaded before import = 0
Number of asset objects unloaded after import = 0
========================================================================
Received Import Request.
  Time since last request: 35.824645 seconds.
  path: Assets/nappin/House Props Softpack/Textures/(Txt)GradientBlack.png
  artifactKey: Guid(b817c21b3dd3f2e449f88957c9cb76f4) Importer(815301076,1909f56bfc062723c751e8b465ee728b)
Start importing Assets/nappin/House Props Softpack/Textures/(Txt)GradientBlack.png using Guid(b817c21b3dd3f2e449f88957c9cb76f4) Importer(815301076,1909f56bfc062723c751e8b465ee728b)  -> (artifact id: '81a96042a562e08ca73bd6e8c68fa742') in 0.131970 seconds
Number of updated asset objects reloaded before import = 0
Number of asset objects unloaded after import = 2
========================================================================
Received Import Request.
  Time since last request: 0.000044 seconds.
  path: Assets/nappin/House Props Softpack/Textures/(Txt)GradientDarkred.png
  artifactKey: Guid(2cd3259f9019fbf4baa0566e469b5cc2) Importer(815301076,1909f56bfc062723c751e8b465ee728b)
Start importing Assets/nappin/House Props Softpack/Textures/(Txt)GradientDarkred.png using Guid(2cd3259f9019fbf4baa0566e469b5cc2) Importer(815301076,1909f56bfc062723c751e8b465ee728b)  -> (artifact id: '2b19312804b8473df2267d8046c802ed') in 0.006632 seconds
Number of updated asset objects reloaded before import = 0
Number of asset objects unloaded after import = 2
========================================================================
Received Import Request.
  Time since last request: 0.000157 seconds.
  path: Assets/nappin/House Props Softpack/Textures/(Txt)GradientGreen.png
  artifactKey: Guid(b3d2d9ac8c50c0743af991b469817ddc) Importer(815301076,1909f56bfc062723c751e8b465ee728b)
Start importing Assets/nappin/House Props Softpack/Textures/(Txt)GradientGreen.png using Guid(b3d2d9ac8c50c0743af991b469817ddc) Importer(815301076,1909f56bfc062723c751e8b465ee728b)  -> (artifact id: '8a873ad0782ae012c016dfa622990872') in 0.009568 seconds
Number of updated asset objects reloaded before import = 0
Number of asset objects unloaded after import = 2
========================================================================
Received Import Request.
  Time since last request: 0.000091 seconds.
  path: Assets/nappin/House Props Softpack/Textures/(Txt)GradientGrey.png
  artifactKey: Guid(df845f1b1122f644ab4fbfbd3b3c763f) Importer(815301076,1909f56bfc062723c751e8b465ee728b)
Start importing Assets/nappin/House Props Softpack/Textures/(Txt)GradientGrey.png using Guid(df845f1b1122f644ab4fbfbd3b3c763f) Importer(815301076,1909f56bfc062723c751e8b465ee728b)  -> (artifact id: '88e39f20549b1c2f506d113c24ba02b0') in 0.005127 seconds
Number of updated asset objects reloaded before import = 0
Number of asset objects unloaded after import = 2
========================================================================
Received Import Request.
  Time since last request: 0.000066 seconds.
  path: Assets/nappin/House Props Softpack/Textures/(Txt)GradientDarkgrey.png
  artifactKey: Guid(77f399026e807f748b4cebba73b4426c) Importer(815301076,1909f56bfc062723c751e8b465ee728b)
Start importing Assets/nappin/House Props Softpack/Textures/(Txt)GradientDarkgrey.png using Guid(77f399026e807f748b4cebba73b4426c) Importer(815301076,1909f56bfc062723c751e8b465ee728b)  -> (artifact id: 'c2f9d0efcc0cf0cf24be9a15daf7b65b') in 0.007568 seconds
Number of updated asset objects reloaded before import = 0
Number of asset objects unloaded after import = 2
========================================================================
Received Import Request.
  Time since last request: 0.000102 seconds.
  path: Assets/nappin/House Props Softpack/Textures/(Txt)GradientYellow.png
  artifactKey: Guid(da405f481770b8a4a8592cf2f2eeb50d) Importer(815301076,1909f56bfc062723c751e8b465ee728b)
Start importing Assets/nappin/House Props Softpack/Textures/(Txt)GradientYellow.png using Guid(da405f481770b8a4a8592cf2f2eeb50d) Importer(815301076,1909f56bfc062723c751e8b465ee728b)  -> (artifact id: '3dd5fb2900417f84cb744eb0ca439bcd') in 0.005257 seconds
Number of updated asset objects reloaded before import = 0
Number of asset objects unloaded after import = 2
========================================================================
Received Import Request.
  Time since last request: 1455.132930 seconds.
  path: Assets/nappin/House Props Softpack/Prefabs/(Prb)BedsideLight.prefab
  artifactKey: Guid(4f06099175b8866458a6cf669a7c20fb) Importer(815301076,1909f56bfc062723c751e8b465ee728b)
Start importing Assets/nappin/House Props Softpack/Prefabs/(Prb)BedsideLight.prefab using Guid(4f06099175b8866458a6cf669a7c20fb) Importer(815301076,1909f56bfc062723c751e8b465ee728b)  -> (artifact id: '71d01c21897f9cb3ff6064bd2f76a184') in 0.082523 seconds
Number of updated asset objects reloaded before import = 0
Number of asset objects unloaded after import = 9
========================================================================
Received Import Request.
  Time since last request: 0.000071 seconds.
  path: Assets/nappin/House Props Softpack/Prefabs/(Prb)Mirror3.prefab
  artifactKey: Guid(66b5913f917258d4a982cbb1fc5a748b) Importer(815301076,1909f56bfc062723c751e8b465ee728b)
Start importing Assets/nappin/House Props Softpack/Prefabs/(Prb)Mirror3.prefab using Guid(66b5913f917258d4a982cbb1fc5a748b) Importer(815301076,1909f56bfc062723c751e8b465ee728b)  -> (artifact id: 'fb03c4072495685cb7b93cabee3ebef0') in 0.001868 seconds
Number of updated asset objects reloaded before import = 0
Number of asset objects unloaded after import = 9
========================================================================
Received Import Request.
  Time since last request: 0.000059 seconds.
  path: Assets/nappin/House Props Softpack/Prefabs/(Prb)Toilet.prefab
  artifactKey: Guid(5e1b8b1cf115f2940b01346027776031) Importer(815301076,1909f56bfc062723c751e8b465ee728b)
Start importing Assets/nappin/House Props Softpack/Prefabs/(Prb)Toilet.prefab using Guid(5e1b8b1cf115f2940b01346027776031) Importer(815301076,1909f56bfc062723c751e8b465ee728b)  -> (artifact id: 'e33846ee829cfe5a30a4bf6af5e8eaed') in 0.001906 seconds
Number of updated asset objects reloaded before import = 0
Number of asset objects unloaded after import = 22
========================================================================
Received Import Request.
  Time since last request: 0.000035 seconds.
  path: Assets/nappin/House Props Softpack/Prefabs/(Prb)Container3.prefab
  artifactKey: Guid(cae6314782bce654798802c29aaac4b8) Importer(815301076,1909f56bfc062723c751e8b465ee728b)
Start importing Assets/nappin/House Props Softpack/Prefabs/(Prb)Container3.prefab using Guid(cae6314782bce654798802c29aaac4b8) Importer(815301076,1909f56bfc062723c751e8b465ee728b)  -> (artifact id: '99a74c20f6f2e28d023dd57cc5695555') in 0.002180 seconds
Number of updated asset objects reloaded before import = 0
Number of asset objects unloaded after import = 86
========================================================================
Received Import Request.
  Time since last request: 0.000089 seconds.
  path: Assets/nappin/House Props Softpack/Prefabs/(Prb)Minifridge.prefab
  artifactKey: Guid(c5495f7852c483f41945b90c27fcb2f2) Importer(815301076,1909f56bfc062723c751e8b465ee728b)
Start importing Assets/nappin/House Props Softpack/Prefabs/(Prb)Minifridge.prefab using Guid(c5495f7852c483f41945b90c27fcb2f2) Importer(815301076,1909f56bfc062723c751e8b465ee728b)  -> (artifact id: '991848127c573e2b61b595cd1270a2ed') in 0.002151 seconds
Number of updated asset objects reloaded before import = 0
Number of asset objects unloaded after import = 98
========================================================================
Received Import Request.
  Time since last request: 0.000052 seconds.
  path: Assets/nappin/House Props Softpack/Prefabs/(Prb)RoomLight.prefab
  artifactKey: Guid(de9100bbf110b884f9f1b1d8b6b33537) Importer(815301076,1909f56bfc062723c751e8b465ee728b)
Start importing Assets/nappin/House Props Softpack/Prefabs/(Prb)RoomLight.prefab using Guid(de9100bbf110b884f9f1b1d8b6b33537) Importer(815301076,1909f56bfc062723c751e8b465ee728b)  -> (artifact id: 'f8593b66ae9c8bd317ce6ed2db89f580') in 0.001538 seconds
Number of updated asset objects reloaded before import = 0
Number of asset objects unloaded after import = 9
========================================================================
Received Import Request.
  Time since last request: 0.000048 seconds.
  path: Assets/nappin/House Props Softpack/Prefabs/(Prb)CoatHanger.prefab
  artifactKey: Guid(1fd1948ee0343e74990f9a76872df5ef) Importer(815301076,1909f56bfc062723c751e8b465ee728b)
Start importing Assets/nappin/House Props Softpack/Prefabs/(Prb)CoatHanger.prefab using Guid(1fd1948ee0343e74990f9a76872df5ef) Importer(815301076,1909f56bfc062723c751e8b465ee728b)  -> (artifact id: 'd16c288afb3bd495d019236fea3ecc76') in 0.001511 seconds
Number of updated asset objects reloaded before import = 0
Number of asset objects unloaded after import = 9
========================================================================
Received Import Request.
  Time since last request: 0.000069 seconds.
  path: Assets/nappin/House Props Softpack/Prefabs/(Prb)Wardrobe.prefab
  artifactKey: Guid(bdeb57ff900e167419635eef4854627d) Importer(815301076,1909f56bfc062723c751e8b465ee728b)
Start importing Assets/nappin/House Props Softpack/Prefabs/(Prb)Wardrobe.prefab using Guid(bdeb57ff900e167419635eef4854627d) Importer(815301076,1909f56bfc062723c751e8b465ee728b)  -> (artifact id: 'a53d7c030412b7696e9670211a56aeab') in 0.001831 seconds
Number of updated asset objects reloaded before import = 0
Number of asset objects unloaded after import = 61
========================================================================
Received Import Request.
  Time since last request: 0.000066 seconds.
  path: Assets/nappin/House Props Softpack/Prefabs/(Prb)LaunchTable.prefab
  artifactKey: Guid(7bb52cc09c8c76e43a75786dccaf3fa4) Importer(815301076,1909f56bfc062723c751e8b465ee728b)
Start importing Assets/nappin/House Props Softpack/Prefabs/(Prb)LaunchTable.prefab using Guid(7bb52cc09c8c76e43a75786dccaf3fa4) Importer(815301076,1909f56bfc062723c751e8b465ee728b)  -> (artifact id: 'f7a5c79cda18754a1c028b09c8927140') in 0.001543 seconds
Number of updated asset objects reloaded before import = 0
Number of asset objects unloaded after import = 9
========================================================================
Received Import Request.
  Time since last request: 0.000107 seconds.
  path: Assets/nappin/House Props Softpack/Prefabs/(Prb)Container2.prefab
  artifactKey: Guid(dffdf6411c04f9146a126f1cd6000fda) Importer(815301076,1909f56bfc062723c751e8b465ee728b)
Start importing Assets/nappin/House Props Softpack/Prefabs/(Prb)Container2.prefab using Guid(dffdf6411c04f9146a126f1cd6000fda) Importer(815301076,1909f56bfc062723c751e8b465ee728b)  -> (artifact id: '8d5cbc1a18b9ccbb81654b3fcd455a48') in 0.001565 seconds
Number of updated asset objects reloaded before import = 0
Number of asset objects unloaded after import = 9
========================================================================
Received Import Request.
  Time since last request: 0.000047 seconds.
  path: Assets/nappin/House Props Softpack/Prefabs/(Prb)MirrorLight.prefab
  artifactKey: Guid(5eb4faf7729d059408358aadfe75945f) Importer(815301076,1909f56bfc062723c751e8b465ee728b)
Start importing Assets/nappin/House Props Softpack/Prefabs/(Prb)MirrorLight.prefab using Guid(5eb4faf7729d059408358aadfe75945f) Importer(815301076,1909f56bfc062723c751e8b465ee728b)  -> (artifact id: '806e1bb72344bebcbc86453f7b20f0d2') in 0.001470 seconds
Number of updated asset objects reloaded before import = 0
Number of asset objects unloaded after import = 9
========================================================================
Received Import Request.
  Time since last request: 0.000084 seconds.
  path: Assets/nappin/House Props Softpack/Prefabs/(Prb)ShowerTemperature.prefab
  artifactKey: Guid(b1c089cb339c1904ab5110a40e4ec847) Importer(815301076,1909f56bfc062723c751e8b465ee728b)
Start importing Assets/nappin/House Props Softpack/Prefabs/(Prb)ShowerTemperature.prefab using Guid(b1c089cb339c1904ab5110a40e4ec847) Importer(815301076,1909f56bfc062723c751e8b465ee728b)  -> (artifact id: 'fc9f409099975b531f67b94d3a9cebdc') in 0.001731 seconds
Number of updated asset objects reloaded before import = 0
Number of asset objects unloaded after import = 9
========================================================================
Received Import Request.
  Time since last request: 0.000056 seconds.
  path: Assets/nappin/House Props Softpack/Prefabs/(Prb)LaunchTable_vase4.prefab
  artifactKey: Guid(c4357fd2cd18af449b8680904f04757c) Importer(815301076,1909f56bfc062723c751e8b465ee728b)
Start importing Assets/nappin/House Props Softpack/Prefabs/(Prb)LaunchTable_vase4.prefab using Guid(c4357fd2cd18af449b8680904f04757c) Importer(815301076,1909f56bfc062723c751e8b465ee728b)  -> (artifact id: '814e0707b265c74c99a4255cff05737c') in 0.001673 seconds
Number of updated asset objects reloaded before import = 0
Number of asset objects unloaded after import = 9
========================================================================
Received Import Request.
  Time since last request: 0.000032 seconds.
  path: Assets/nappin/House Props Softpack/Prefabs/(Prb)WaterGarden.prefab
  artifactKey: Guid(2d96fb7ed786a5646a75d8a849edc8f4) Importer(815301076,1909f56bfc062723c751e8b465ee728b)
Start importing Assets/nappin/House Props Softpack/Prefabs/(Prb)WaterGarden.prefab using Guid(2d96fb7ed786a5646a75d8a849edc8f4) Importer(815301076,1909f56bfc062723c751e8b465ee728b)  -> (artifact id: '2a2a366ede3e2477e26104019f022d94') in 0.001685 seconds
Number of updated asset objects reloaded before import = 0
Number of asset objects unloaded after import = 16
========================================================================
Received Import Request.
  Time since last request: 0.000072 seconds.
  path: Assets/nappin/House Props Softpack/Prefabs/(Prb)SingleBed.prefab
  artifactKey: Guid(1cc7753ad8e096d4c8b059687625cdfa) Importer(815301076,1909f56bfc062723c751e8b465ee728b)
Start importing Assets/nappin/House Props Softpack/Prefabs/(Prb)SingleBed.prefab using Guid(1cc7753ad8e096d4c8b059687625cdfa) Importer(815301076,1909f56bfc062723c751e8b465ee728b)  -> (artifact id: '6d35b62d009cb897620baaced38991ef') in 0.001703 seconds
Number of updated asset objects reloaded before import = 0
Number of asset objects unloaded after import = 41
========================================================================
Received Import Request.
  Time since last request: 0.000052 seconds.
  path: Assets/nappin/House Props Softpack/Prefabs/(Prb)Storage2.prefab
  artifactKey: Guid(6f78a21f077ae8f4f85a5d7128a8056d) Importer(815301076,1909f56bfc062723c751e8b465ee728b)
Start importing Assets/nappin/House Props Softpack/Prefabs/(Prb)Storage2.prefab using Guid(6f78a21f077ae8f4f85a5d7128a8056d) Importer(815301076,1909f56bfc062723c751e8b465ee728b)  -> (artifact id: '1c8cbd161f29fa25e0c3704495583731') in 0.002353 seconds
Number of updated asset objects reloaded before import = 0
Number of asset objects unloaded after import = 31
========================================================================
Received Import Request.
  Time since last request: 0.000163 seconds.
  path: Assets/nappin/House Props Softpack/Prefabs/(Prb)CeilingLight.prefab
  artifactKey: Guid(f174423ab43ee4b49871930f6144ec2d) Importer(815301076,1909f56bfc062723c751e8b465ee728b)
Start importing Assets/nappin/House Props Softpack/Prefabs/(Prb)CeilingLight.prefab using Guid(f174423ab43ee4b49871930f6144ec2d) Importer(815301076,1909f56bfc062723c751e8b465ee728b)  -> (artifact id: 'da117ba9b47ceb9c316604ba0cc966a5') in 0.001625 seconds
Number of updated asset objects reloaded before import = 0
Number of asset objects unloaded after import = 9
========================================================================
Received Import Request.
  Time since last request: 0.000042 seconds.
  path: Assets/nappin/House Props Softpack/Prefabs/(Prb)Dresser.prefab
  artifactKey: Guid(d2abb3f7c9ac59048a122c38a8480e71) Importer(815301076,1909f56bfc062723c751e8b465ee728b)
Start importing Assets/nappin/House Props Softpack/Prefabs/(Prb)Dresser.prefab using Guid(d2abb3f7c9ac59048a122c38a8480e71) Importer(815301076,1909f56bfc062723c751e8b465ee728b)  -> (artifact id: '979cef08f95f939b6c31c50a659bfd19') in 0.001530 seconds
Number of updated asset objects reloaded before import = 0
Number of asset objects unloaded after import = 26
========================================================================
Received Import Request.
  Time since last request: 0.000069 seconds.
  path: Assets/nappin/House Props Softpack/Prefabs/(Prb)Drawer3.prefab
  artifactKey: Guid(1eba6e825e1b0ba4db1d042de5c08e44) Importer(815301076,1909f56bfc062723c751e8b465ee728b)
Start importing Assets/nappin/House Props Softpack/Prefabs/(Prb)Drawer3.prefab using Guid(1eba6e825e1b0ba4db1d042de5c08e44) Importer(815301076,1909f56bfc062723c751e8b465ee728b)  -> (artifact id: '2dcfd32f486dab66a2d76ff646426efc') in 0.001585 seconds
Number of updated asset objects reloaded before import = 0
Number of asset objects unloaded after import = 21
========================================================================
Received Import Request.
  Time since last request: 0.000037 seconds.
  path: Assets/nappin/House Props Softpack/Prefabs/(Prb)DeskLight.prefab
  artifactKey: Guid(e0a309163f5d1ef4e81367371dba0804) Importer(815301076,1909f56bfc062723c751e8b465ee728b)
Start importing Assets/nappin/House Props Softpack/Prefabs/(Prb)DeskLight.prefab using Guid(e0a309163f5d1ef4e81367371dba0804) Importer(815301076,1909f56bfc062723c751e8b465ee728b)  -> (artifact id: '522116c0f2c1339267f9b47f9e13e2a8') in 0.001568 seconds
Number of updated asset objects reloaded before import = 0
Number of asset objects unloaded after import = 9
========================================================================
Received Import Request.
  Time since last request: 0.000289 seconds.
  path: Assets/nappin/House Props Softpack/Prefabs/(Prb)Container1.prefab
  artifactKey: Guid(218346a1813791d43973c01c52508a3e) Importer(815301076,1909f56bfc062723c751e8b465ee728b)
Start importing Assets/nappin/House Props Softpack/Prefabs/(Prb)Container1.prefab using Guid(218346a1813791d43973c01c52508a3e) Importer(815301076,1909f56bfc062723c751e8b465ee728b)  -> (artifact id: 'a683ce9e60ce5eb4efb19f65da8d6b08') in 0.001692 seconds
Number of updated asset objects reloaded before import = 0
Number of asset objects unloaded after import = 21
========================================================================
Received Import Request.
  Time since last request: 0.000057 seconds.
  path: Assets/nappin/House Props Softpack/Prefabs/(Prb)Rack.prefab
  artifactKey: Guid(9b9a47e6447b0404fad889aea9f6360b) Importer(815301076,1909f56bfc062723c751e8b465ee728b)
Start importing Assets/nappin/House Props Softpack/Prefabs/(Prb)Rack.prefab using Guid(9b9a47e6447b0404fad889aea9f6360b) Importer(815301076,1909f56bfc062723c751e8b465ee728b)  -> (artifact id: '519aa4203d1b806423ffa8c80e22ccc8') in 0.001903 seconds
Number of updated asset objects reloaded before import = 0
Number of asset objects unloaded after import = 26
========================================================================
Received Import Request.
  Time since last request: 0.000034 seconds.
  path: Assets/nappin/House Props Softpack/Prefabs/(Prb)LaunchTable_vase2.prefab
  artifactKey: Guid(6c8c5607b1d615e4992b66dcbcf18c43) Importer(815301076,1909f56bfc062723c751e8b465ee728b)
Start importing Assets/nappin/House Props Softpack/Prefabs/(Prb)LaunchTable_vase2.prefab using Guid(6c8c5607b1d615e4992b66dcbcf18c43) Importer(815301076,1909f56bfc062723c751e8b465ee728b)  -> (artifact id: 'f979759cfa439f51a873828378a4da02') in 0.001510 seconds
Number of updated asset objects reloaded before import = 0
Number of asset objects unloaded after import = 9
========================================================================
Received Import Request.
  Time since last request: 0.000102 seconds.
  path: Assets/nappin/House Props Softpack/Prefabs/(Prb)Door.prefab
  artifactKey: Guid(0afd69b5b86b13b4db61d58f91c02066) Importer(815301076,1909f56bfc062723c751e8b465ee728b)
Start importing Assets/nappin/House Props Softpack/Prefabs/(Prb)Door.prefab using Guid(0afd69b5b86b13b4db61d58f91c02066) Importer(815301076,1909f56bfc062723c751e8b465ee728b)  -> (artifact id: 'ab905e4d10713290902726f89d3fc599') in 0.001576 seconds
Number of updated asset objects reloaded before import = 0
Number of asset objects unloaded after import = 16
========================================================================
Received Import Request.
  Time since last request: 0.000154 seconds.
  path: Assets/nappin/House Props Softpack/Prefabs/(Prb)Desk.prefab
  artifactKey: Guid(00e5c0945f7a8b0439135711f7f02840) Importer(815301076,1909f56bfc062723c751e8b465ee728b)
Start importing Assets/nappin/House Props Softpack/Prefabs/(Prb)Desk.prefab using Guid(00e5c0945f7a8b0439135711f7f02840) Importer(815301076,1909f56bfc062723c751e8b465ee728b)  -> (artifact id: '5c95465abf6950d48cd64e1f5924893e') in 0.001553 seconds
Number of updated asset objects reloaded before import = 0
Number of asset objects unloaded after import = 41
